    Updating git repository `https://github.com/jojolepro/amethyst`
    Updating git repository `https://github.com/jojolepro/amethyst-extra`
    Updating registry `https://github.com/rust-lang/crates.io-index`
    Updating git repository `https://github.com/TimonPost/crossterm/`
 Downloading byteorder v1.2.6
 Downloading stb_truetype v0.2.3
 Downloading slice-deque v0.1.13
   Compiling proc-macro2 v0.4.13
   Compiling unicode-xid v0.1.0
   Compiling version_check v0.1.4
   Compiling cc v1.0.22
   Compiling serde v1.0.75
   Compiling bitflags v1.0.4
   Compiling nodrop v0.1.12
   Compiling cfg-if v0.1.5
   Compiling void v1.0.2
   Compiling scopeguard v0.3.3
   Compiling memoffset v0.2.1
   Compiling rayon-core v1.4.1
   Compiling khronos_api v2.2.0
   Compiling libc v0.2.43
   Compiling stable_deref_trait v1.1.1
   Compiling either v1.5.0
   Compiling quote v0.3.15
   Compiling downcast-rs v1.0.3
   Compiling unicode-xid v0.0.4
   Compiling rayon v1.0.2
   Compiling pkg-config v0.3.13
   Compiling byteorder v1.2.6
   Compiling nix v0.11.0
   Compiling num-traits v0.2.5
   Compiling rand_core v0.2.1
   Compiling remove_dir_all v0.5.1
   Compiling atom v0.3.5
   Compiling mopa v0.2.2
   Compiling rustc-demangle v0.1.9
   Compiling futures v0.1.23
   Compiling tuple_utils v0.2.0
   Compiling crossbeam v0.3.2
   Compiling num-integer v0.1.39
   Compiling cgmath v0.16.1
   Compiling fnv v1.0.6
   Compiling num-iter v0.1.37
   Compiling approx v0.1.1
   Compiling mint v0.5.1
   Compiling percent-encoding v1.0.1
   Compiling num-bigint v0.2.0
   Compiling num-complex v0.2.0
   Compiling adler32 v1.0.3
   Compiling num-rational v0.2.1
   Compiling semver v0.1.20
   Compiling lzw v0.10.0
   Compiling color_quant v1.0.1
   Compiling wavefront_obj v5.1.0
   Compiling claxon v0.3.2
   Compiling linked-hash-map v0.5.1
   Compiling hound v3.4.0
   Compiling unicode-width v0.1.5
   Compiling hetseq v0.1.5
   Compiling scoped_threadpool v0.1.9
   Compiling bitflags v0.7.0
   Compiling ansi_term v0.10.2
   Compiling xi-unicode v0.1.0
   Compiling fluent-locale v0.3.2
   Compiling unicode-normalization v0.1.7
   Compiling unicode-segmentation v1.2.1
   Compiling partial_function v0.4.0
   Compiling dirty v0.2.0
   Compiling arrayvec v0.4.7
   Compiling crossbeam-utils v0.2.2
   Compiling log v0.4.4
   Compiling xml-rs v0.7.0
   Compiling unreachable v1.0.0
   Compiling unreachable v0.1.1
   Compiling proc-macro2 v0.3.8
   Compiling lazy_static v1.1.0
   Compiling owning_ref v0.3.3
   Compiling num_cpus v1.8.0
   Compiling rand v0.4.3
   Compiling memmap v0.6.2
   Compiling xcb v0.8.2
   Compiling slice-deque v0.1.13
   Compiling time v0.1.40
   Compiling termios v0.3.0
   Compiling libloading v0.5.0
   Compiling backtrace-sys v0.1.24
   Compiling miniz-sys v0.1.10
   Compiling minimp3-sys v0.3.0
   Compiling itertools v0.5.10
   Compiling itertools v0.7.8
   Compiling synom v0.11.3
   Compiling syn v0.10.8
   Compiling fxhash v0.2.1
   Compiling stb_truetype v0.2.3
   Compiling ogg v0.4.1
   Compiling rustc-hash v1.0.1
   Compiling rand v0.5.5
   Compiling x11-dl v2.18.3
   Compiling alsa-sys v0.1.2
   Compiling inflate v0.4.3
   Compiling deflate v0.7.18
   Compiling rustc_version v0.1.7
   Compiling gif v0.10.0
   Compiling getopts v0.2.18
   Compiling wayland-scanner v0.20.12
   Compiling rand v0.3.22
   Compiling vergen v0.1.1
   Compiling crossterm v0.4.0 (https://github.com/TimonPost/crossterm/?branch=development#c40cdb07)
   Compiling quote v0.5.2
   Compiling syn v0.11.11
   Compiling lewton v0.5.2
   Compiling tempfile v3.0.3
   Compiling twox-hash v1.1.1
   Compiling rustc_version_runtime v0.1.3
   Compiling wayland-client v0.20.12
   Compiling wayland-protocols v0.20.12
   Compiling fluent v0.2.0
   Compiling syn v0.13.11
   Compiling amethyst v0.8.0
   Compiling amethyst v0.8.0 (https://github.com/jojolepro/amethyst?branch=hoppinworld#3c0be975)
   Compiling derivative v1.0.0
   Compiling quote v0.6.8
   Compiling gl_generator v0.9.0
   Compiling num-traits v0.1.43
   Compiling approx v0.3.0
   Compiling shred-derive v0.5.0
   Compiling gfx_macros v0.2.1
   Compiling crossbeam-epoch v0.3.1
   Compiling shared_library v0.1.9
   Compiling colored v1.6.1
   Compiling flate2 v0.2.20
   Compiling minimp3 v0.3.0
   Compiling dlib v0.4.1
   Compiling syn v0.14.9
   Compiling ordered-float v0.5.0
   Compiling cgmath v0.14.1
   Compiling backtrace v0.3.9
   Compiling cpal v0.8.2
   Compiling num-rational v0.1.42
   Compiling gfx_gl v0.5.0
   Compiling glutin v0.16.0
   Compiling glsl-layout-derive v0.1.1
   Compiling osmesa-sys v0.1.2
   Compiling fern v0.5.6
   Compiling crossbeam-deque v0.2.0
   Compiling imagefmt v4.0.0
   Compiling wayland-sys v0.20.12
   Compiling rusttype v0.7.0
   Compiling png v0.12.0
   Compiling error-chain v0.11.0
   Compiling rodio v0.8.0
   Compiling serde_derive v1.0.75
   Compiling num-derive v0.2.2
   Compiling x11-clipboard v0.2.2
   Compiling wayland-commons v0.20.12
   Compiling rusttype v0.6.5
   Compiling num v0.2.0
   Compiling clipboard v0.4.6
   Compiling hibitset v0.5.1
   Compiling jpeg-decoder v0.1.15
   Compiling smithay-client-toolkit v0.2.6
   Compiling image v0.19.0
   Compiling smallvec v0.6.5
   Compiling draw_state v0.8.0
   Compiling ron v0.2.2
   Compiling minterpolate v0.3.0
   Compiling parking_lot_core v0.2.14
   Compiling shred v0.7.0
   Compiling parking_lot v0.5.5
   Compiling gfx_core v0.8.2
   Compiling amethyst_config v0.7.0
   Compiling amethyst_config v0.7.0 (https://github.com/jojolepro/amethyst?branch=hoppinworld#3c0be975)
   Compiling shrev v1.0.1
   Compiling winit v0.15.1
   Compiling specs v0.12.1
   Compiling specs-hierarchy v0.2.1
   Compiling amethyst_core v0.3.0
   Compiling amethyst_core v0.3.0 (https://github.com/jojolepro/amethyst?branch=hoppinworld#3c0be975)
   Compiling genmesh v0.6.2
   Compiling amethyst_assets v0.4.0 (https://github.com/jojolepro/amethyst?branch=hoppinworld#3c0be975)
   Compiling amethyst_input v0.4.0 (https://github.com/jojolepro/amethyst?branch=hoppinworld#3c0be975)
   Compiling amethyst_assets v0.4.0
   Compiling amethyst_input v0.4.0
   Compiling amethyst_audio v0.3.0 (https://github.com/jojolepro/amethyst?branch=hoppinworld#3c0be975)
   Compiling amethyst_locale v0.2.0 (https://github.com/jojolepro/amethyst?branch=hoppinworld#3c0be975)
   Compiling amethyst_audio v0.3.0
   Compiling amethyst_locale v0.2.0
   Compiling gfx_device_gl v0.15.3
   Compiling glsl-layout v0.1.1
   Compiling gfx v0.17.1
   Compiling gfx_window_glutin v0.24.0
   Compiling amethyst_renderer v0.8.0
   Compiling amethyst_renderer v0.8.0 (https://github.com/jojolepro/amethyst?branch=hoppinworld#3c0be975)
   Compiling gfx_glyph v0.11.0
   Compiling amethyst_controls v0.2.0 (https://github.com/jojolepro/amethyst?branch=hoppinworld#3c0be975)
   Compiling amethyst_ui v0.3.0 (https://github.com/jojolepro/amethyst?branch=hoppinworld#3c0be975)
   Compiling amethyst_animation v0.3.0 (https://github.com/jojolepro/amethyst?branch=hoppinworld#3c0be975)
   Compiling amethyst_controls v0.2.0
   Compiling amethyst_ui v0.3.0
   Compiling amethyst_animation v0.3.0
   Compiling amethyst_utils v0.3.0 (https://github.com/jojolepro/amethyst?branch=hoppinworld#3c0be975)
   Compiling amethyst_utils v0.3.0
   Compiling amethyst-extra v0.3.0 (https://github.com/jojolepro/amethyst-extra#586cfd76)
   Compiling hoppinworld v0.1.0 (file:///shareddata/share/Prog/Rust/hoppinworld)
    Finished dev [unoptimized + debuginfo] target(s) in 1m 54s
Error: Unable to access jarfile share/Games/Minecraft.jar
Autoselected keyboard map en-us
ERROR: CredSSP: Initialize failed, do you have correct kerberos tgt initialized ?
Connection established using SSL.
WARNING: Remote desktop does not support colour depth 24; falling back to 16
